[debug] [2022-05-05T08:56:57.424Z] ----------------------------------------------------------------------
[debug] [2022-05-05T08:56:57.425Z] Command:       C:\Program Files\nodejs\node.exe C:\Users\user\AppData\Roaming\npm\node_modules\firebase-tools\lib\bin\firebase.js deploy
[debug] [2022-05-05T08:56:57.426Z] CLI Version:   10.6.0
[debug] [2022-05-05T08:56:57.426Z] Platform:      win32
[debug] [2022-05-05T08:56:57.426Z] Node Version:  v16.14.2
[debug] [2022-05-05T08:56:57.426Z] Time:          Thu May 05 2022 14:56:57 GMT+0600 (East Kazakhstan Time)
[debug] [2022-05-05T08:56:57.427Z] ----------------------------------------------------------------------
[debug] 
[debug] [2022-05-05T08:56:57.475Z] > command requires scopes: ["email","openid","https://www.googleapis.com/auth/cloudplatformprojects.readonly","https://www.googleapis.com/auth/firebase","https://www.googleapis.com/auth/cloud-platform"]
[debug] [2022-05-05T08:56:57.475Z] > authorizing via signed-in user (monirakibul@gmail.com)
[debug] [2022-05-05T08:56:57.475Z] [iam] checking project quickstore-fa064 for permissions ["firebase.projects.get","firebasehosting.sites.update"]
[debug] [2022-05-05T08:56:57.476Z] >>> [apiv2][query] POST https://cloudresourcemanager.googleapis.com/v1/projects/quickstore-fa064:testIamPermissions [none]
[debug] [2022-05-05T08:56:57.477Z] >>> [apiv2][body] POST https://cloudresourcemanager.googleapis.com/v1/projects/quickstore-fa064:testIamPermissions {"permissions":["firebase.projects.get","firebasehosting.sites.update"]}
[debug] [2022-05-05T08:56:59.345Z] <<< [apiv2][status] POST https://cloudresourcemanager.googleapis.com/v1/projects/quickstore-fa064:testIamPermissions 200
[debug] [2022-05-05T08:56:59.345Z] <<< [apiv2][body] POST https://cloudresourcemanager.googleapis.com/v1/projects/quickstore-fa064:testIamPermissions {"permissions":["firebase.projects.get","firebasehosting.sites.update"]}
[debug] [2022-05-05T08:56:59.346Z] >>> [apiv2][query] GET https://firebase.googleapis.com/v1beta1/projects/quickstore-fa064 [none]
[debug] [2022-05-05T08:57:00.154Z] <<< [apiv2][status] GET https://firebase.googleapis.com/v1beta1/projects/quickstore-fa064 200
[debug] [2022-05-05T08:57:00.154Z] <<< [apiv2][body] GET https://firebase.googleapis.com/v1beta1/projects/quickstore-fa064 {"projectId":"quickstore-fa064","projectNumber":"1082676460557","displayName":"quickstore","name":"projects/quickstore-fa064","resources":{"hostingSite":"quickstore-fa064"},"state":"ACTIVE"}
[info] 
[info] === Deploying to 'quickstore-fa064'...
[info] 
[info] i  deploying hosting 
[debug] [2022-05-05T08:57:00.157Z] >>> [apiv2][query] GET https://firebase.googleapis.com/v1beta1/projects/quickstore-fa064 [none]
[debug] [2022-05-05T08:57:01.548Z] <<< [apiv2][status] GET https://firebase.googleapis.com/v1beta1/projects/quickstore-fa064 200
[debug] [2022-05-05T08:57:01.548Z] <<< [apiv2][body] GET https://firebase.googleapis.com/v1beta1/projects/quickstore-fa064 {"projectId":"quickstore-fa064","projectNumber":"1082676460557","displayName":"quickstore","name":"projects/quickstore-fa064","resources":{"hostingSite":"quickstore-fa064"},"state":"ACTIVE"}
[debug] [2022-05-05T08:57:01.551Z] >>> [apiv2][query] POST https://firebasehosting.googleapis.com/v1beta1/projects/1082676460557/sites/quickstore-fa064/versions [none]
[debug] [2022-05-05T08:57:01.551Z] >>> [apiv2][body] POST https://firebasehosting.googleapis.com/v1beta1/projects/1082676460557/sites/quickstore-fa064/versions {"config":{"rewrites":[{"glob":"**","path":"/index.html"}]},"labels":{"deployment-tool":"cli-firebase"}}
[debug] [2022-05-05T08:57:04.526Z] <<< [apiv2][status] POST https://firebasehosting.googleapis.com/v1beta1/projects/1082676460557/sites/quickstore-fa064/versions 200
[debug] [2022-05-05T08:57:04.526Z] <<< [apiv2][body] POST https://firebasehosting.googleapis.com/v1beta1/projects/1082676460557/sites/quickstore-fa064/versions {"name":"projects/1082676460557/sites/quickstore-fa064/versions/43023ceac0cc2da4","status":"CREATED","config":{"rewrites":[{"glob":"**","path":"/index.html"}]},"labels":{"deployment-tool":"cli-firebase"}}
[info] i  hosting[quickstore-fa064]: beginning deploy... 
[info] i  hosting[quickstore-fa064]: found 15 files in build 
[debug] [2022-05-05T08:57:04.537Z] [hosting] uploading with 200 concurrency
[debug] [2022-05-05T08:57:04.972Z] [hosting] hash cache [YnVpbGQ] stored for 15 files
[debug] [2022-05-05T08:57:04.972Z] [hosting][hash queue][FINAL] {"max":431,"min":2,"avg":34.06666666666667,"active":0,"complete":15,"success":15,"errored":0,"retried":0,"total":15,"elapsed":434}
[debug] [2022-05-05T08:57:04.973Z] >>> [apiv2][query] POST https://firebasehosting.googleapis.com/v1beta1/projects/1082676460557/sites/quickstore-fa064/versions/43023ceac0cc2da4:populateFiles [none]
[debug] [2022-05-05T08:57:04.973Z] >>> [apiv2][body] POST https://firebasehosting.googleapis.com/v1beta1/projects/1082676460557/sites/quickstore-fa064/versions/43023ceac0cc2da4:populateFiles {"files":{"/favicon.ico":"eae62e993eb980ec8a25058c39d5a51feab118bd2100c4deebb2a9c158ec11f9","/logo192.png":"3ee59515172ee198f3be375979df15ac5345183e656720a381b8872b2a39dc8b","/logo512.png":"ee7e2f3fdb8209c4b6fd7bef6ba50d1b9dba30a25bb5c3126df057e1cb6f5331","/manifest.json":"aff3449bdc238776f5d6d967f19ec491b36aed5fb7f23ccff6500736fd58494a","/robots.txt":"bfe106a3fb878dc83461c86818bf74fc1bdc7f28538ba613cd3e775516ce8b49","/asset-manifest.json":"7a8e5d5e9b069a580fdbbc5c02e8c2fd00099763fe86f3e59faad0985c0adc17","/static/js/787.198a0fdd.chunk.js":"00342b63aec27f194b72da806d69485a633cda63b4cf824dc1267f4b42d038a5","/index.html":"b11769d7a08e36dc4988893d2079917a9b5abd9368fdddc1f5a72bcceccada8f","/static/js/787.198a0fdd.chunk.js.map":"e1eb77f6b3841f133ad1be2514857bd9ed74890a8a15256089fca86fd9e7f8f2","/static/js/main.55c31296.js.LICENSE.txt":"78553a9b8615649f087806b08b520f6bc1b53811c5b0a33d94c67474db9bf639","/static/media/logo.6ce24c58023cc2f8fd88fe9d219db6c6.svg":"ac1a3d8899432561573d6a5cf56459437c09b902599a1deb91c0f8d4bb40459d","/static/css/main.6745e9bc.css":"d0c6e62d795f4d07e3166a2fe17f559c3a1f216d50919480a2dbdfa3b5bc08ed","/static/css/main.6745e9bc.css.map":"4c290d5b609409268cc1d3852efc1b71f3522ff2cf1434e30005e0057e87dfc5","/static/js/main.55c31296.js":"24e8c34246840acbb74bc8d7a548f0d9924c2ecd5743dc14d555bf775e6522d8","/static/js/main.55c31296.js.map":"7efd7022bb40a4063c39a8f553a1f3ed59569cb2905e5ddf8d294fc88a8ffceb"}}
[debug] [2022-05-05T08:57:07.437Z] <<< [apiv2][status] POST https://firebasehosting.googleapis.com/v1beta1/projects/1082676460557/sites/quickstore-fa064/versions/43023ceac0cc2da4:populateFiles 200
[debug] [2022-05-05T08:57:07.438Z] <<< [apiv2][body] POST https://firebasehosting.googleapis.com/v1beta1/projects/1082676460557/sites/quickstore-fa064/versions/43023ceac0cc2da4:populateFiles {"uploadRequiredHashes":["4c290d5b609409268cc1d3852efc1b71f3522ff2cf1434e30005e0057e87dfc5","24e8c34246840acbb74bc8d7a548f0d9924c2ecd5743dc14d555bf775e6522d8","d0c6e62d795f4d07e3166a2fe17f559c3a1f216d50919480a2dbdfa3b5bc08ed","7a8e5d5e9b069a580fdbbc5c02e8c2fd00099763fe86f3e59faad0985c0adc17","7efd7022bb40a4063c39a8f553a1f3ed59569cb2905e5ddf8d294fc88a8ffceb","b11769d7a08e36dc4988893d2079917a9b5abd9368fdddc1f5a72bcceccada8f"],"uploadUrl":"https://upload-firebasehosting.googleapis.com/upload/sites/quickstore-fa064/versions/43023ceac0cc2da4/files"}
[debug] [2022-05-05T08:57:07.440Z] >>> [apiv2][query] POST https://upload-firebasehosting.googleapis.com/upload/sites/quickstore-fa064/versions/43023ceac0cc2da4/files/4c290d5b609409268cc1d3852efc1b71f3522ff2cf1434e30005e0057e87dfc5 [none]
[debug] [2022-05-05T08:57:07.440Z] >>> [apiv2][body] POST https://upload-firebasehosting.googleapis.com/upload/sites/quickstore-fa064/versions/43023ceac0cc2da4/files/4c290d5b609409268cc1d3852efc1b71f3522ff2cf1434e30005e0057e87dfc5 [stream]
[debug] [2022-05-05T08:57:07.441Z] >>> [apiv2][query] POST https://upload-firebasehosting.googleapis.com/upload/sites/quickstore-fa064/versions/43023ceac0cc2da4/files/24e8c34246840acbb74bc8d7a548f0d9924c2ecd5743dc14d555bf775e6522d8 [none]
[debug] [2022-05-05T08:57:07.441Z] >>> [apiv2][body] POST https://upload-firebasehosting.googleapis.com/upload/sites/quickstore-fa064/versions/43023ceac0cc2da4/files/24e8c34246840acbb74bc8d7a548f0d9924c2ecd5743dc14d555bf775e6522d8 [stream]
[debug] [2022-05-05T08:57:07.442Z] >>> [apiv2][query] POST https://upload-firebasehosting.googleapis.com/upload/sites/quickstore-fa064/versions/43023ceac0cc2da4/files/d0c6e62d795f4d07e3166a2fe17f559c3a1f216d50919480a2dbdfa3b5bc08ed [none]
[debug] [2022-05-05T08:57:07.442Z] >>> [apiv2][body] POST https://upload-firebasehosting.googleapis.com/upload/sites/quickstore-fa064/versions/43023ceac0cc2da4/files/d0c6e62d795f4d07e3166a2fe17f559c3a1f216d50919480a2dbdfa3b5bc08ed [stream]
[debug] [2022-05-05T08:57:07.442Z] >>> [apiv2][query] POST https://upload-firebasehosting.googleapis.com/upload/sites/quickstore-fa064/versions/43023ceac0cc2da4/files/7a8e5d5e9b069a580fdbbc5c02e8c2fd00099763fe86f3e59faad0985c0adc17 [none]
[debug] [2022-05-05T08:57:07.443Z] >>> [apiv2][body] POST https://upload-firebasehosting.googleapis.com/upload/sites/quickstore-fa064/versions/43023ceac0cc2da4/files/7a8e5d5e9b069a580fdbbc5c02e8c2fd00099763fe86f3e59faad0985c0adc17 [stream]
[debug] [2022-05-05T08:57:07.443Z] >>> [apiv2][query] POST https://upload-firebasehosting.googleapis.com/upload/sites/quickstore-fa064/versions/43023ceac0cc2da4/files/7efd7022bb40a4063c39a8f553a1f3ed59569cb2905e5ddf8d294fc88a8ffceb [none]
[debug] [2022-05-05T08:57:07.443Z] >>> [apiv2][body] POST https://upload-firebasehosting.googleapis.com/upload/sites/quickstore-fa064/versions/43023ceac0cc2da4/files/7efd7022bb40a4063c39a8f553a1f3ed59569cb2905e5ddf8d294fc88a8ffceb [stream]
[debug] [2022-05-05T08:57:07.444Z] >>> [apiv2][query] POST https://upload-firebasehosting.googleapis.com/upload/sites/quickstore-fa064/versions/43023ceac0cc2da4/files/b11769d7a08e36dc4988893d2079917a9b5abd9368fdddc1f5a72bcceccada8f [none]
[debug] [2022-05-05T08:57:07.444Z] >>> [apiv2][body] POST https://upload-firebasehosting.googleapis.com/upload/sites/quickstore-fa064/versions/43023ceac0cc2da4/files/b11769d7a08e36dc4988893d2079917a9b5abd9368fdddc1f5a72bcceccada8f [stream]
[debug] [2022-05-05T08:57:07.445Z] [hosting][populate queue][FINAL] {"max":2469,"min":2469,"avg":2469,"active":0,"complete":1,"success":1,"errored":0,"retried":0,"total":1,"elapsed":2474}
[debug] [2022-05-05T08:57:07.445Z] [hosting] uploads queued: 6
[debug] [2022-05-05T08:57:11.589Z] <<< [apiv2][status] POST https://upload-firebasehosting.googleapis.com/upload/sites/quickstore-fa064/versions/43023ceac0cc2da4/files/4c290d5b609409268cc1d3852efc1b71f3522ff2cf1434e30005e0057e87dfc5 200
[debug] [2022-05-05T08:57:11.589Z] <<< [apiv2][body] POST https://upload-firebasehosting.googleapis.com/upload/sites/quickstore-fa064/versions/43023ceac0cc2da4/files/4c290d5b609409268cc1d3852efc1b71f3522ff2cf1434e30005e0057e87dfc5 [stream]
[debug] [2022-05-05T08:57:12.604Z] <<< [apiv2][status] POST https://upload-firebasehosting.googleapis.com/upload/sites/quickstore-fa064/versions/43023ceac0cc2da4/files/7a8e5d5e9b069a580fdbbc5c02e8c2fd00099763fe86f3e59faad0985c0adc17 200
[debug] [2022-05-05T08:57:12.604Z] <<< [apiv2][body] POST https://upload-firebasehosting.googleapis.com/upload/sites/quickstore-fa064/versions/43023ceac0cc2da4/files/7a8e5d5e9b069a580fdbbc5c02e8c2fd00099763fe86f3e59faad0985c0adc17 [stream]
[debug] [2022-05-05T08:57:13.728Z] <<< [apiv2][status] POST https://upload-firebasehosting.googleapis.com/upload/sites/quickstore-fa064/versions/43023ceac0cc2da4/files/d0c6e62d795f4d07e3166a2fe17f559c3a1f216d50919480a2dbdfa3b5bc08ed 200
[debug] [2022-05-05T08:57:13.728Z] <<< [apiv2][body] POST https://upload-firebasehosting.googleapis.com/upload/sites/quickstore-fa064/versions/43023ceac0cc2da4/files/d0c6e62d795f4d07e3166a2fe17f559c3a1f216d50919480a2dbdfa3b5bc08ed [stream]
[debug] [2022-05-05T08:57:16.072Z] <<< [apiv2][status] POST https://upload-firebasehosting.googleapis.com/upload/sites/quickstore-fa064/versions/43023ceac0cc2da4/files/b11769d7a08e36dc4988893d2079917a9b5abd9368fdddc1f5a72bcceccada8f 200
[debug] [2022-05-05T08:57:16.072Z] <<< [apiv2][body] POST https://upload-firebasehosting.googleapis.com/upload/sites/quickstore-fa064/versions/43023ceac0cc2da4/files/b11769d7a08e36dc4988893d2079917a9b5abd9368fdddc1f5a72bcceccada8f [stream]
[debug] [2022-05-05T08:57:37.870Z] [uploadQueue] Retrying task 24e8c34246840acbb74bc8d7a548f0d9924c2ecd5743dc14d555bf775e6522d8
[debug] [2022-05-05T08:57:37.872Z] >>> [apiv2][query] POST https://upload-firebasehosting.googleapis.com/upload/sites/quickstore-fa064/versions/43023ceac0cc2da4/files/24e8c34246840acbb74bc8d7a548f0d9924c2ecd5743dc14d555bf775e6522d8 [none]
[debug] [2022-05-05T08:57:37.872Z] >>> [apiv2][body] POST https://upload-firebasehosting.googleapis.com/upload/sites/quickstore-fa064/versions/43023ceac0cc2da4/files/24e8c34246840acbb74bc8d7a548f0d9924c2ecd5743dc14d555bf775e6522d8 [stream]
[debug] [2022-05-05T09:10:18.863Z] [uploadQueue] Retrying task 7efd7022bb40a4063c39a8f553a1f3ed59569cb2905e5ddf8d294fc88a8ffceb
[debug] [2022-05-05T09:10:18.865Z] > refreshing access token with scopes: []
[debug] [2022-05-05T09:10:18.866Z] >>> HTTP REQUEST POST https://www.googleapis.com/oauth2/v3/token  
 <request body omitted>
